12-01-11  11:21PM                  177 _ErrorPorted20111201.csv
12-05-11  11:28PM                  177 _ErrorPorted20111205.csv
12-01-11  05:51PM       <DIR>          bk
11-30-11  08:19PM                 2354 ported20111129.csv
12-01-11  07:00PM                 2954 Ported20111130.csv
12-01-11  11:07PM                 9404 Ported20111201.csv
12-02-11  11:37PM                16079 Ported20111202.csv
12-05-11  11:07PM                24104 Ported20111205.csv
12-06-11  11:07PM                16529 Ported20111206.csv
12-07-11  11:07PM                12179 Ported20111207.csv
12-09-11  11:06PM                19754 Ported20111209.csv
12-12-11  11:07PM                34829 Ported20111212.csv
12-13-11  11:07PM                21029 Ported20111213.csv
12-14-11  11:07PM                12929 Ported20111214.csv
12-15-11  11:06PM                11429 Ported20111215.csv
12-16-11  11:07PM                12479 Ported20111216.csv
12-19-11  11:07PM                22079 Ported20111219.csv
12-20-11  11:07PM                19979 Ported20111220.csv
12-21-11  11:07PM                14054 Ported20111221.csv
12-22-11  11:07PM                18554 Ported20111222.csv
12-23-11  11:07PM                19979 Ported20111223.csv
12-27-11  11:07PM                28604 Ported20111227.csv
12-28-11  11:07PM                20279 Ported20111228.csv
12-29-11  11:07PM                32129 Ported20111229.csv
12-30-11  11:07PM                24479 Ported20111230.csv
01-03-12  11:07PM                35279 Ported20120103.csv
01-05-12  11:07PM                30479 Ported20120105.csv
01-06-12  11:08PM                23879 Ported20120106.csv
01-10-12  11:07PM                39629 Ported20120110.csv
01-11-12  11:07PM                25379 Ported20120111.csv
01-12-12  11:07PM                32879 Ported20120112.csv
01-13-12  11:07PM                21704 Ported20120113.csv
01-16-12  11:07PM                45179 Ported20120116.csv
01-17-12  11:07PM                21854 Ported20120117.csv
01-18-12  11:08PM                20579 Ported20120118.csv
01-19-12  11:07PM                28079 Ported20120119.csv
01-20-12  11:08PM                26054 Ported20120120.csv
01-23-12  11:08PM                41954 Ported20120123.csv
01-24-12  11:08PM                19454 Ported20120124.csv
01-25-12  11:07PM                21704 Ported20120125.csv
01-26-12  11:08PM                33479 Ported20120126.csv
01-27-12  11:08PM                29129 Ported20120127.csv
01-30-12  11:08PM                60629 Ported20120130.csv
01-31-12  11:08PM                27179 Ported20120131.csv
02-01-12  11:07PM                27104 Ported20120201.csv
02-02-12  11:07PM                25904 Ported20120202.csv
02-03-12  11:08PM                30404 Ported20120203.csv
02-06-12  11:08PM                42554 Ported20120206.csv
02-07-12  11:08PM                23129 Ported20120207.csv
02-08-12  11:08PM                26054 Ported20120208.csv
02-09-12  11:07PM                30093 Ported20120209.csv
02-10-12  11:07PM                26196 Ported20120210.csv
02-13-12  11:07PM                47429 Ported20120213.csv
02-14-12  11:07PM                29654 Ported20120214.csv
02-15-12  11:07PM                17573 Ported20120215.csv
02-16-12  11:08PM                28147 Ported20120216.csv
02-17-12  11:08PM                28600 Ported20120217.csv
02-22-12  11:08PM                21776 Ported20120222.csv
02-23-12  11:08PM                23577 Ported20120223.csv
02-24-12  11:07PM                29348 Ported20120224.csv
02-27-12  11:07PM                47865 Ported20120227.csv
02-28-12  11:07PM                44570 Ported20120228.csv
02-29-12  11:07PM                36691 Ported20120229.csv
03-01-12  11:07PM                19522 Ported20120301.csv
03-02-12  11:08PM                16435 Ported20120302.csv
03-05-12  11:08PM                40713 Ported20120305.csv
03-06-12  11:08PM                27156 Ported20120306.csv
03-07-12  11:08PM                23042 Ported20120307.csv
03-08-12  11:07PM                30038 Ported20120308.csv
03-09-12  11:07PM                34923 Ported20120309.csv
03-12-12  11:07PM                25201 Ported20120312.csv
03-13-12  11:08PM                29910 Ported20120313.csv
03-14-12  11:08PM                42534 Ported20120314.csv
03-15-12  11:08PM                36168 Ported20120315.csv
03-16-12  11:08PM                56313 Ported20120316.csv
03-19-12  11:08PM                61974 Ported20120319.csv
03-20-12  11:07PM                51673 Ported20120320.csv
03-21-12  11:08PM                35005 Ported20120321.csv
03-22-12  11:08PM                43074 Ported20120322.csv
03-23-12  11:08PM                44759 Ported20120323.csv
03-26-12  11:08PM                58042 Ported20120326.csv
03-27-12  11:08PM                54413 Ported20120327.csv
03-28-12  11:08PM                39282 Ported20120328.csv
03-29-12  11:08PM                40201 Ported20120329.csv
03-30-12  11:08PM                50832 Ported20120330.csv
04-02-12  11:09PM                40789 Ported20120402.csv
04-03-12  11:08PM                60732 Ported20120403.csv
04-04-12  11:08PM                46435 Ported20120404.csv
04-05-12  11:08PM                23786 Ported20120405.csv
04-09-12  11:08PM                59079 Ported20120409.csv
04-10-12  11:08PM                47648 Ported20120410.csv
04-11-12  11:09PM                39811 Ported20120411.csv
04-12-12  11:09PM                40415 Ported20120412.csv
04-13-12  11:09PM                40853 Ported20120413.csv
04-16-12  11:09PM                53175 Ported20120416.csv
04-17-12  11:08PM                50810 Ported20120417.csv
04-18-12  11:08PM                39374 Ported20120418.csv
04-19-12  11:08PM                44280 Ported20120419.csv
04-20-12  11:08PM                55382 Ported20120420.csv
04-23-12  11:08PM                55642 Ported20120423.csv
04-24-12  11:09PM                44866 Ported20120424.csv
04-25-12  11:09PM                55409 Ported20120425.csv
04-26-12  11:09PM                48212 Ported20120426.csv
04-27-12  11:09PM                55994 Ported20120427.csv
05-01-12  11:09PM                61239 Ported20120501.csv
05-02-12  11:09PM                31276 Ported20120502.csv
05-03-12  11:09PM                36553 Ported20120503.csv
05-04-12  11:09PM                42176 Ported20120504.csv
05-08-12  11:08PM                65706 Ported20120508.csv
05-09-12  11:08PM               103409 Ported20120509.csv
05-10-12  11:09PM                58048 Ported20120510.csv
05-11-12  11:08PM                52297 Ported20120511.csv
05-14-12  11:09PM                99101 Ported20120514.csv
05-15-12  11:09PM                62056 Ported20120515.csv
05-16-12  11:09PM                56085 Ported20120516.csv
05-17-12  11:09PM                75677 Ported20120517.csv
05-18-12  11:09PM                33373 Ported20120518.csv
05-21-12  11:09PM                43730 Ported20120521.csv
05-22-12  11:09PM                28809 Ported20120522.csv
05-23-12  11:08PM                22660 Ported20120523.csv
05-24-12  11:09PM                28147 Ported20120524.csv
05-25-12  11:09PM                32906 Ported20120525.csv
05-28-12  11:09PM                39717 Ported20120528.csv
05-29-12  11:08PM                54004 Ported20120529.csv
05-30-12  11:09PM                38537 Ported20120530.csv
05-31-12  11:09PM                40428 Ported20120531.csv
06-01-12  11:08PM                48686 Ported20120601.csv
06-04-12  11:09PM                42436 Ported20120604.csv
06-05-12  11:09PM                27061 Ported20120605.csv
06-06-12  11:09PM                21291 Ported20120606.csv
06-07-12  11:09PM                26171 Ported20120607.csv
06-08-12  11:09PM                29169 Ported20120608.csv
06-11-12  11:09PM                47672 Ported20120611.csv
06-12-12  11:09PM                27588 Ported20120612.csv
06-13-12  11:09PM                17032 Ported20120613.csv
06-14-12  11:09PM                21079 Ported20120614.csv
06-15-12  11:10PM                23038 Ported20120615.csv
11-30-11  08:19PM                  104 terminated20111129.csv
12-01-11  07:00PM                  104 Terminated20111130.csv
12-01-11  11:07PM                  104 Terminated20111201.csv
12-02-11  11:37PM                  104 Terminated20111202.csv
12-05-11  11:07PM                  104 Terminated20111205.csv
12-06-11  11:06PM                  104 Terminated20111206.csv
12-07-11  11:06PM                  104 Terminated20111207.csv
12-09-11  11:06PM                  104 Terminated20111209.csv
12-12-11  11:06PM                  104 Terminated20111212.csv
12-13-11  11:06PM                  104 Terminated20111213.csv
12-14-11  11:07PM                  104 Terminated20111214.csv
12-15-11  11:06PM                  104 Terminated20111215.csv
12-16-11  11:06PM                  104 Terminated20111216.csv
12-19-11  11:06PM                  104 Terminated20111219.csv
12-20-11  11:06PM                  104 Terminated20111220.csv
12-21-11  11:07PM                  104 Terminated20111221.csv
12-22-11  11:06PM                  104 Terminated20111222.csv
12-23-11  11:07PM                  104 Terminated20111223.csv
12-27-11  11:06PM                  104 Terminated20111227.csv
12-28-11  11:06PM                  104 Terminated20111228.csv
12-29-11  11:07PM                  104 Terminated20111229.csv
12-30-11  11:07PM                  104 Terminated20111230.csv
01-03-12  11:06PM                  104 Terminated20120103.csv
01-05-12  11:07PM                  104 Terminated20120105.csv
01-06-12  11:06PM                  104 Terminated20120106.csv
01-10-12  11:07PM                  104 Terminated20120110.csv
01-11-12  11:07PM                  104 Terminated20120111.csv
01-12-12  11:06PM                  104 Terminated20120112.csv
01-13-12  11:06PM                  104 Terminated20120113.csv
01-16-12  11:07PM                  104 Terminated20120116.csv
01-17-12  11:07PM                  104 Terminated20120117.csv
01-18-12  11:07PM                  104 Terminated20120118.csv
01-19-12  11:07PM                  104 Terminated20120119.csv
01-20-12  11:07PM                  104 Terminated20120120.csv
01-23-12  11:07PM                  104 Terminated20120123.csv
01-24-12  11:07PM                  104 Terminated20120124.csv
01-25-12  11:07PM                  104 Terminated20120125.csv
01-26-12  11:07PM                  104 Terminated20120126.csv
01-27-12  11:07PM                  104 Terminated20120127.csv
01-30-12  11:06PM                  104 Terminated20120130.csv
01-31-12  11:08PM                  104 Terminated20120131.csv
02-01-12  11:07PM                  104 Terminated20120201.csv
02-02-12  11:07PM                  104 Terminated20120202.csv
02-03-12  11:07PM                  104 Terminated20120203.csv
02-06-12  11:07PM                  104 Terminated20120206.csv
02-07-12  11:07PM                  104 Terminated20120207.csv
02-08-12  11:07PM                  104 Terminated20120208.csv
02-09-12  11:07PM                  104 Terminated20120209.csv
02-10-12  11:07PM                  104 Terminated20120210.csv
02-13-12  11:07PM                  104 Terminated20120213.csv
02-14-12  11:07PM                  400 Terminated20120214.csv
02-15-12  11:07PM                  918 Terminated20120215.csv
02-16-12  11:07PM                  104 Terminated20120216.csv
02-17-12  11:07PM                  104 Terminated20120217.csv
02-22-12  11:08PM                  104 Terminated20120222.csv
02-23-12  11:08PM                  104 Terminated20120223.csv
02-24-12  11:07PM                  104 Terminated20120224.csv
02-27-12  11:07PM                  104 Terminated20120227.csv
02-28-12  11:07PM                  104 Terminated20120228.csv
02-29-12  11:07PM                  104 Terminated20120229.csv
03-01-12  11:07PM                  104 Terminated20120301.csv
03-02-12  11:07PM                  104 Terminated20120302.csv
03-05-12  11:07PM                  104 Terminated20120305.csv
03-06-12  11:07PM                  104 Terminated20120306.csv
03-07-12  11:08PM                  104 Terminated20120307.csv
03-08-12  11:07PM                  104 Terminated20120308.csv
03-09-12  11:07PM                  104 Terminated20120309.csv
03-12-12  11:07PM                  104 Terminated20120312.csv
03-13-12  11:07PM                  104 Terminated20120313.csv
03-14-12  11:07PM                  104 Terminated20120314.csv
03-15-12  11:07PM                  104 Terminated20120315.csv
03-16-12  11:07PM                  104 Terminated20120316.csv
03-19-12  11:07PM                  104 Terminated20120319.csv
03-20-12  11:08PM                  104 Terminated20120320.csv
03-21-12  11:08PM                  104 Terminated20120321.csv
03-22-12  11:08PM                  104 Terminated20120322.csv
03-23-12  11:08PM                  104 Terminated20120323.csv
03-26-12  11:08PM                  104 Terminated20120326.csv
03-27-12  11:08PM                  104 Terminated20120327.csv
03-28-12  11:07PM                  104 Terminated20120328.csv
03-29-12  11:08PM                  178 Terminated20120329.csv
03-30-12  11:08PM                  104 Terminated20120330.csv
04-02-12  11:08PM                  104 Terminated20120402.csv
04-03-12  11:08PM                  104 Terminated20120403.csv
04-04-12  11:08PM                  104 Terminated20120404.csv
04-05-12  11:08PM                  104 Terminated20120405.csv
04-09-12  11:07PM                  474 Terminated20120409.csv
04-10-12  11:07PM                  104 Terminated20120410.csv
04-11-12  11:08PM                  252 Terminated20120411.csv
04-12-12  11:08PM                  178 Terminated20120412.csv
04-13-12  11:08PM                  178 Terminated20120413.csv
04-16-12  11:08PM                  104 Terminated20120416.csv
04-17-12  11:08PM                  104 Terminated20120417.csv
04-18-12  11:08PM                  104 Terminated20120418.csv
04-19-12  11:08PM                  252 Terminated20120419.csv
04-20-12  11:07PM                  326 Terminated20120420.csv
04-23-12  11:07PM                  178 Terminated20120423.csv
04-24-12  11:07PM                  474 Terminated20120424.csv
04-25-12  11:08PM                  104 Terminated20120425.csv
04-26-12  11:08PM                  252 Terminated20120426.csv
04-27-12  11:08PM                  104 Terminated20120427.csv
05-01-12  11:08PM                  178 Terminated20120501.csv
05-02-12  11:08PM                  178 Terminated20120502.csv
05-03-12  11:08PM                  104 Terminated20120503.csv
05-04-12  11:08PM                  104 Terminated20120504.csv
05-08-12  11:08PM                  104 Terminated20120508.csv
05-09-12  11:08PM                  104 Terminated20120509.csv
05-10-12  11:08PM                  400 Terminated20120510.csv
05-11-12  11:08PM                  696 Terminated20120511.csv
05-14-12  11:08PM                  400 Terminated20120514.csv
05-15-12  11:09PM                  178 Terminated20120515.csv
05-16-12  11:09PM                  104 Terminated20120516.csv
05-17-12  11:08PM                  400 Terminated20120517.csv
05-18-12  11:09PM                  104 Terminated20120518.csv
05-21-12  11:08PM                  104 Terminated20120521.csv
05-22-12  11:08PM                  252 Terminated20120522.csv
05-23-12  11:08PM                  844 Terminated20120523.csv
05-24-12  11:08PM                 1214 Terminated20120524.csv
05-25-12  11:08PM                  104 Terminated20120525.csv
05-28-12  11:08PM                  104 Terminated20120528.csv
05-29-12  11:08PM                  178 Terminated20120529.csv
05-30-12  11:08PM                  474 Terminated20120530.csv
05-31-12  11:08PM                  252 Terminated20120531.csv
06-01-12  11:08PM                  104 Terminated20120601.csv
06-04-12  11:09PM                  104 Terminated20120604.csv
06-05-12  11:08PM                  178 Terminated20120605.csv
06-06-12  11:09PM                  104 Terminated20120606.csv
06-07-12  11:09PM                  104 Terminated20120607.csv
06-08-12  11:09PM                  104 Terminated20120608.csv
06-11-12  11:08PM                  104 Terminated20120611.csv
06-12-12  11:09PM                  252 Terminated20120612.csv
06-13-12  11:09PM                  252 Terminated20120613.csv
06-14-12  11:09PM                  104 Terminated20120614.csv
06-15-12  11:09PM                  252 Terminated20120615.csv
