_ErrorPorted20111201.csv
_ErrorPorted20111205.csv
bk
ported20111129.csv
Ported20111130.csv
Ported20111201.csv
Ported20111202.csv
Ported20111205.csv
Ported20111206.csv
Ported20111207.csv
Ported20111209.csv
Ported20111212.csv
Ported20111213.csv
Ported20111214.csv
Ported20111215.csv
Ported20111216.csv
Ported20111219.csv
Ported20111220.csv
Ported20111221.csv
Ported20111222.csv
Ported20111223.csv
Ported20111227.csv
Ported20111228.csv
Ported20111229.csv
Ported20111230.csv
Ported20120103.csv
Ported20120105.csv
Ported20120106.csv
Ported20120110.csv
Ported20120111.csv
Ported20120112.csv
Ported20120113.csv
Ported20120116.csv
Ported20120117.csv
Ported20120118.csv
Ported20120119.csv
Ported20120120.csv
Ported20120123.csv
Ported20120124.csv
Ported20120125.csv
Ported20120126.csv
Ported20120127.csv
Ported20120130.csv
Ported20120131.csv
Ported20120201.csv
Ported20120202.csv
Ported20120203.csv
Ported20120206.csv
Ported20120207.csv
Ported20120208.csv
Ported20120209.csv
Ported20120210.csv
Ported20120213.csv
Ported20120214.csv
Ported20120215.csv
Ported20120216.csv
Ported20120217.csv
Ported20120222.csv
Ported20120223.csv
Ported20120224.csv
Ported20120227.csv
Ported20120228.csv
Ported20120229.csv
Ported20120301.csv
Ported20120302.csv
Ported20120305.csv
Ported20120306.csv
Ported20120307.csv
Ported20120308.csv
Ported20120309.csv
Ported20120312.csv
Ported20120313.csv
Ported20120314.csv
Ported20120315.csv
Ported20120316.csv
Ported20120319.csv
Ported20120320.csv
Ported20120321.csv
Ported20120322.csv
Ported20120323.csv
Ported20120326.csv
Ported20120327.csv
Ported20120328.csv
Ported20120329.csv
Ported20120330.csv
Ported20120402.csv
Ported20120403.csv
Ported20120404.csv
Ported20120405.csv
Ported20120409.csv
Ported20120410.csv
Ported20120411.csv
Ported20120412.csv
Ported20120413.csv
Ported20120416.csv
Ported20120417.csv
Ported20120418.csv
Ported20120419.csv
Ported20120420.csv
Ported20120423.csv
Ported20120424.csv
Ported20120425.csv
Ported20120426.csv
Ported20120427.csv
Ported20120501.csv
Ported20120502.csv
Ported20120503.csv
Ported20120504.csv
Ported20120508.csv
Ported20120509.csv
Ported20120510.csv
Ported20120511.csv
Ported20120514.csv
Ported20120515.csv
Ported20120516.csv
Ported20120517.csv
Ported20120518.csv
Ported20120521.csv
Ported20120522.csv
Ported20120523.csv
Ported20120524.csv
Ported20120525.csv
Ported20120528.csv
Ported20120529.csv
Ported20120530.csv
Ported20120531.csv
Ported20120601.csv
Ported20120604.csv
Ported20120605.csv
Ported20120606.csv
Ported20120607.csv
Ported20120608.csv
Ported20120611.csv
Ported20120612.csv
Ported20120613.csv
Ported20120614.csv
Ported20120615.csv
terminated20111129.csv
Terminated20111130.csv
Terminated20111201.csv
Terminated20111202.csv
Terminated20111205.csv
Terminated20111206.csv
Terminated20111207.csv
Terminated20111209.csv
Terminated20111212.csv
Terminated20111213.csv
Terminated20111214.csv
Terminated20111215.csv
Terminated20111216.csv
Terminated20111219.csv
Terminated20111220.csv
Terminated20111221.csv
Terminated20111222.csv
Terminated20111223.csv
Terminated20111227.csv
Terminated20111228.csv
Terminated20111229.csv
Terminated20111230.csv
Terminated20120103.csv
Terminated20120105.csv
Terminated20120106.csv
Terminated20120110.csv
Terminated20120111.csv
Terminated20120112.csv
Terminated20120113.csv
Terminated20120116.csv
Terminated20120117.csv
Terminated20120118.csv
Terminated20120119.csv
Terminated20120120.csv
Terminated20120123.csv
Terminated20120124.csv
Terminated20120125.csv
Terminated20120126.csv
Terminated20120127.csv
Terminated20120130.csv
Terminated20120131.csv
Terminated20120201.csv
Terminated20120202.csv
Terminated20120203.csv
Terminated20120206.csv
Terminated20120207.csv
Terminated20120208.csv
Terminated20120209.csv
Terminated20120210.csv
Terminated20120213.csv
Terminated20120214.csv
Terminated20120215.csv
Terminated20120216.csv
Terminated20120217.csv
Terminated20120222.csv
Terminated20120223.csv
Terminated20120224.csv
Terminated20120227.csv
Terminated20120228.csv
Terminated20120229.csv
Terminated20120301.csv
Terminated20120302.csv
Terminated20120305.csv
Terminated20120306.csv
Terminated20120307.csv
Terminated20120308.csv
Terminated20120309.csv
Terminated20120312.csv
Terminated20120313.csv
Terminated20120314.csv
Terminated20120315.csv
Terminated20120316.csv
Terminated20120319.csv
Terminated20120320.csv
Terminated20120321.csv
Terminated20120322.csv
Terminated20120323.csv
Terminated20120326.csv
Terminated20120327.csv
Terminated20120328.csv
Terminated20120329.csv
Terminated20120330.csv
Terminated20120402.csv
Terminated20120403.csv
Terminated20120404.csv
Terminated20120405.csv
Terminated20120409.csv
Terminated20120410.csv
Terminated20120411.csv
Terminated20120412.csv
Terminated20120413.csv
Terminated20120416.csv
Terminated20120417.csv
Terminated20120418.csv
Terminated20120419.csv
Terminated20120420.csv
Terminated20120423.csv
Terminated20120424.csv
Terminated20120425.csv
Terminated20120426.csv
Terminated20120427.csv
Terminated20120501.csv
Terminated20120502.csv
Terminated20120503.csv
Terminated20120504.csv
Terminated20120508.csv
Terminated20120509.csv
Terminated20120510.csv
Terminated20120511.csv
Terminated20120514.csv
Terminated20120515.csv
Terminated20120516.csv
Terminated20120517.csv
Terminated20120518.csv
Terminated20120521.csv
Terminated20120522.csv
Terminated20120523.csv
Terminated20120524.csv
Terminated20120525.csv
Terminated20120528.csv
Terminated20120529.csv
Terminated20120530.csv
Terminated20120531.csv
Terminated20120601.csv
Terminated20120604.csv
Terminated20120605.csv
Terminated20120606.csv
Terminated20120607.csv
Terminated20120608.csv
Terminated20120611.csv
Terminated20120612.csv
Terminated20120613.csv
Terminated20120614.csv
Terminated20120615.csv
